<?xml version="1.0" encoding="UTF-8" ?>
<testsuite tests="12" failures="0" name="me.victor.RunCucumberTest" time="4.442" errors="0" skipped="0">
  <properties>
[...]
</properties>
  <testcase classname="The API returns relevant data" name=" #1" time="3.794"/>
  <testcase classname="The API returns relevant data" name=" #2" time="0.566"/>
  <testcase classname="User successfully purchases a drink" name="Buying Coke" time="0.007"/>
  <testcase classname="User successfully purchases a drink" name="Buying Pepsi" time="0.014"/>
  <testcase classname="User successfully purchases a drink" name="Buying Soda" time="0.013"/>
  <testcase classname="User successfully purchases a drink" name="Refund" time="0.005"/>
  <testcase classname="User successfully purchases a drink" name="Insufficient funds" time="0.01"/>
  <testcase classname="Vending machine accepts different coin types" name="Using different coins #1" time="0.003"/>
  <testcase classname="Vending machine accepts different coin types" name="Using different coins #2" time="0.004"/>
  <testcase classname="Vending machine accepts different coin types" name="Using different coins #3" time="0.008"/>
  <testcase classname="Vending machine accepts different coin types" name="Using different coins #4" time="0.004"/>
  <testcase classname="(Vending machine can be reset to a default state.)" name="(Vending machine can be reset to a default state.)" time="0.014"/>
</testsuite>